<?xml version="1.0" encoding="utf-8" ?>

<cdsl>
    <flow name="test-flow-a">

    </flow>
</cdsl>