<?xml version="1.0" encoding="utf-8" ?>

<flow name="test-flow-a">

</flow>